<?xml version="1.0" encoding="UTF-8"?>
<!-- Generated by org.testng.reporters.JUnitReportReporter -->
<testsuite hostname="DESKTOP-88K81C0" failures="0" tests="3" name="TestCases" time="5.150" errors="0" timestamp="2024-10-15T18:11:02 EEST" skipped="0">
  <testcase classname="TestCases" name="verifyPostMethod" time="0.296"/>
  <testcase classname="TestCases" name="verifySuccessfulDeleteMethod" time="0.273"/>
  <testcase classname="TestCases" name="verifyGetMethod" time="4.581"/>
</testsuite> <!-- TestCases -->
